This is pdfTeX, Version 3.141592653-2.6-1.40.24 (MiKTeX 22.10) (preloaded format=pdflatex 2022.10.29)  8 DEC 2022 00:21
entering extended mode
 restricted \write18 enabled.
 %&-line parsing enabled.
**./payDTL2.tex
(payDTL2.tex
LaTeX2e <2022-06-01> patch level 5
L3 programming layer <2022-09-28> (C:\Miktex\tex/latex/base\article.cls
Document Class: article 2021/10/04 v1.4n Standard LaTeX document class
(C:\Miktex\tex/latex/base\size12.clo
File: size12.clo 2021/10/04 v1.4n Standard LaTeX file (size option)
)
\c@part=\count185
\c@section=\count186
\c@subsection=\count187
\c@subsubsection=\count188
\c@paragraph=\count189
\c@subparagraph=\count190
\c@figure=\count191
\c@table=\count192
\abovecaptionskip=\skip47
\belowcaptionskip=\skip48
\bibindent=\dimen138
)
(C:\Miktex\tex/latex/l3backend\l3backend-pdftex.def
File: l3backend-pdftex.def 2022-09-28 L3 backend support: PDF output (pdfTeX)
\l__color_backend_stack_int=\count193
\l__pdf_internal_box=\box51
) (payDTL2.aux)
\openout1 = `payDTL2.aux'.

LaTeX Font Info:    Checking defaults for OML/cmm/m/it on input line 7.
LaTeX Font Info:    ... okay on input line 7.
LaTeX Font Info:    Checking defaults for OMS/cmsy/m/n on input line 7.
LaTeX Font Info:    ... okay on input line 7.
LaTeX Font Info:    Checking defaults for OT1/cmr/m/n on input line 7.
LaTeX Font Info:    ... okay on input line 7.
LaTeX Font Info:    Checking defaults for T1/cmr/m/n on input line 7.
LaTeX Font Info:    ... okay on input line 7.
LaTeX Font Info:    Checking defaults for TS1/cmr/m/n on input line 7.
LaTeX Font Info:    ... okay on input line 7.
LaTeX Font Info:    Checking defaults for OMX/cmex/m/n on input line 7.
LaTeX Font Info:    ... okay on input line 7.
LaTeX Font Info:    Checking defaults for U/cmr/m/n on input line 7.
LaTeX Font Info:    ... okay on input line 7.
LaTeX Font Info:    External font `cmex10' loaded for size
(Font)              <14.4> on input line 8.
LaTeX Font Info:    External font `cmex10' loaded for size
(Font)              <7> on input line 8.
 [1

{C:/Users/Lenovo/AppData/Local/MiKTeX/fonts/map/pdftex/pdftex.map}]
LaTeX Font Info:    External font `cmex10' loaded for size
(Font)              <12> on input line 13.
LaTeX Font Info:    External font `cmex10' loaded for size
(Font)              <8> on input line 13.
LaTeX Font Info:    External font `cmex10' loaded for size
(Font)              <6> on input line 13.
 [1] (payDTL2.aux) ) 
Here is how much of TeX's memory you used:
 451 strings out of 475385
 8379 string characters out of 2793318
 352731 words of memory out of 3000000
 21905 multiletter control sequences out of 15000+600000
 473207 words of font info for 41 fonts, out of 8000000 for 9000
 1141 hyphenation exceptions out of 8191
 33i,6n,38p,205b,192s stack positions out of 10000i,1000n,20000p,200000b,80000s
<C:/Miktex/fonts/type1/public/amsfonts/cm/cmmi12.pfb><C:/Mi
ktex/fonts/type1/public/amsfonts/cm/cmmi6.pfb><C:/Miktex/fonts/type1/public/ams
fonts/cm/cmmi8.pfb><C:/Miktex/fonts/type1/public/amsfonts/cm/cmr12.pfb><C:/Mikt
ex/fonts/type1/public/amsfonts/cm/cmr17.pfb><C:/Miktex/fonts/type1/public/amsfo
nts/cm/cmr6.pfb><C:/Miktex/fonts/type1/public/amsfonts/cm/cmr8.pfb><C:/Miktex/f
onts/type1/public/amsfonts/cm/cmsy10.pfb><C:/Miktex/fonts/type1/public/amsfonts
/cm/cmsy8.pfb>
Output written on payDTL2.pdf (2 pages, 94939 bytes).
PDF statistics:
 54 PDF objects out of 1000 (max. 8388607)
 0 named destinations out of 1000 (max. 500000)
 1 words of extra memory for PDF output out of 10000 (max. 10000000)

